WARNING: This is a development server. Do not use it in a production deployment. Use a production WSGI server instead.
 * Running on all addresses (0.0.0.0)
 * Running on http://127.0.0.1:5000
 * Running on http://192.168.0.166:5000
Press CTRL+C to quit
 * Restarting with watchdog (windowsapi)
 * Debugger is active!
 * Debugger PIN: 215-560-199
 * Detected change in 'C:\\Users\\lanry\\Desktop\\Brand spark\\landing-page\\brandspark-react\\node_modules\\es-iterator-helpers\\Iterator.zip', reloading
Exception in thread Thread-2 (serve_forever):
 * Restarting with watchdog (windowsapi)
 * Debugger is active!
 * Debugger PIN: 215-560-199
 * Detected change in 'C:\\Users\\lanry\\Desktop\\Brand spark\\backend\\__init__.py', reloading
 * Restarting with watchdog (windowsapi)
 * Debugger is active!
 * Debugger PIN: 215-560-199
 * Detected change in 'C:\\Users\\lanry\\Desktop\\Brand spark\\backend\\app.py', reloading
 * Detected change in 'C:\\Users\\lanry\\Desktop\\Brand spark\\backend\\app.py', reloading
 * Detected change in 'C:\\Users\\lanry\\Desktop\\Brand spark\\backend\\app.py', reloading
 * Restarting with watchdog (windowsapi)
 * Debugger is active!
 * Debugger PIN: 215-560-199
 * Detected change in 'C:\\Users\\lanry\\Desktop\\Brand spark\\backend\\app.py', reloading
 * Detected change in 'C:\\Users\\lanry\\Desktop\\Brand spark\\test_integration.py', reloading
 * Detected change in 'C:\\Users\\lanry\\Desktop\\Brand spark\\backend\\app_local.py', reloading
 * Detected change in 'C:\\Users\\lanry\\Desktop\\Brand spark\\backend\\extensions.py', reloading
 * Detected change in 'C:\\Users\\lanry\\Desktop\\Brand spark\\backend\\blueprints\\generate.py', reloading
 * Detected change in 'C:\\Users\\lanry\\Desktop\\Brand spark\\backend\\models.py', reloading
 * Detected change in 'C:\\Users\\lanry\\Desktop\\Brand spark\\backend\\routes.py', reloading
 * Detected change in 'C:\\Users\\lanry\\Desktop\\Brand spark\\backend\\tasks.py', reloading
 * Detected change in 'C:\\Users\\lanry\\Desktop\\Brand spark\\backend\\__init__.py', reloading
Exception in thread Thread-2 (serve_forever):
 * Restarting with watchdog (windowsapi)
 * Debugger is active!
 * Debugger PIN: 215-560-199
 * Detected change in 'C:\\Users\\lanry\\AppData\\Local\\Programs\\Python\\Python313\\Lib\\site-packages\\flask\\__init__.py', reloading
 * Detected change in 'C:\\Users\\lanry\\AppData\\Local\\Programs\\Python\\Python313\\Lib\\site-packages\\flask\\blueprints.py', reloading
 * Detected change in 'C:\\Users\\lanry\\AppData\\Local\\Programs\\Python\\Python313\\Lib\\site-packages\\flask\\sansio\\blueprints.py', reloading
Exception in thread Thread-2 (serve_forever):
 * Restarting with watchdog (windowsapi)
 * Debugger is active!
 * Debugger PIN: 215-560-199
 * Detected change in 'C:\\Users\\lanry\\AppData\\Local\\Programs\\Python\\Python313\\Lib\\site-packages\\google\\auth\\__init__.py', reloading
 * Detected change in 'C:\\Users\\lanry\\AppData\\Local\\Programs\\Python\\Python313\\Lib\\site-packages\\google\\auth\\credentials.py', reloading
 * Detected change in 'C:\\Users\\lanry\\AppData\\Local\\Programs\\Python\\Python313\\Lib\\site-packages\\google\\auth\\_credentials_base.py', reloading
 * Detected change in 'C:\\Users\\lanry\\AppData\\Local\\Programs\\Python\\Python313\\Lib\\site-packages\\google\\api_core\\__init__.py', reloading
 * Restarting with watchdog (windowsapi)
 * Debugger is active!
 * Debugger PIN: 215-560-199
 * Detected change in 'C:\\Users\\lanry\\AppData\\Local\\Programs\\Python\\Python313\\Lib\\site-packages\\marshmallow\\decorators.py', reloading
 * Restarting with watchdog (windowsapi)
 * Debugger is active!
 * Debugger PIN: 215-560-199
 * Detected change in 'C:\\Users\\lanry\\AppData\\Local\\Programs\\Python\\Python313\\Lib\\site-packages\\urllib3\\connectionpool.py', reloading
 * Restarting with watchdog (windowsapi)
 * Debugger is active!
 * Debugger PIN: 215-560-199
 * Detected change in 'C:\\Users\\lanry\\AppData\\Local\\Programs\\Python\\Python313\\Lib\\site-packages\\kombu\\exceptions.py', reloading
 * Detected change in 'C:\\Users\\lanry\\AppData\\Local\\Programs\\Python\\Python313\\Lib\\site-packages\\celery\\app\\registry.py', reloading
 * Detected change in 'C:\\Users\\lanry\\Desktop\\Brand spark\\backend\\routes.py', reloading
 * Restarting with watchdog (windowsapi)
 * Debugger is active!
 * Debugger PIN: 215-560-199
 * Detected change in 'C:\\Users\\lanry\\AppData\\Local\\Programs\\Python\\Python313\\Lib\\site-packages\\google\\ai\\generativelanguage\\gapic_version.py', reloading
 * Detected change in 'C:\\Users\\lanry\\AppData\\Local\\Programs\\Python\\Python313\\Lib\\site-packages\\google\\ai\\generativelanguage\\__init__.py', reloading
 * Detected change in 'C:\\Users\\lanry\\AppData\\Local\\Programs\\Python\\Python313\\Lib\\site-packages\\google\\ai\\generativelanguage_v1\\gapic_version.py', reloading
 * Detected change in 'C:\\Users\\lanry\\AppData\\Local\\Programs\\Python\\Python313\\Lib\\site-packages\\google\\ai\\generativelanguage_v1\\__init__.py', reloading
 * Detected change in 'C:\\Users\\lanry\\AppData\\Local\\Programs\\Python\\Python313\\Lib\\site-packages\\google\\ai\\generativelanguage_v1\\services\\__init__.py', reloading
 * Detected change in 'C:\\Users\\lanry\\AppData\\Local\\Programs\\Python\\Python313\\Lib\\site-packages\\google\\ai\\generativelanguage_v1\\services\\generative_service\\async_client.py', reloading
 * Detected change in 'C:\\Users\\lanry\\AppData\\Local\\Programs\\Python\\Python313\\Lib\\site-packages\\google\\ai\\generativelanguage_v1\\services\\generative_service\\client.py', reloading
 * Detected change in 'C:\\Users\\lanry\\AppData\\Local\\Programs\\Python\\Python313\\Lib\\site-packages\\google\\ai\\generativelanguage_v1\\services\\generative_service\\__init__.py', reloading
 * Detected change in 'C:\\Users\\lanry\\AppData\\Local\\Programs\\Python\\Python313\\Lib\\site-packages\\google\\ai\\generativelanguage_v1\\services\\generative_service\\transports\\base.py', reloading
 * Detected change in 'C:\\Users\\lanry\\AppData\\Local\\Programs\\Python\\Python313\\Lib\\site-packages\\google\\ai\\generativelanguage_v1\\services\\generative_service\\transports\\grpc.py', reloading
 * Detected change in 'C:\\Users\\lanry\\AppData\\Local\\Programs\\Python\\Python313\\Lib\\site-packages\\google\\ai\\generativelanguage_v1\\services\\generative_service\\transports\\grpc_asyncio.py', reloading
 * Detected change in 'C:\\Users\\lanry\\AppData\\Local\\Programs\\Python\\Python313\\Lib\\site-packages\\google\\ai\\generativelanguage_v1\\services\\generative_service\\transports\\rest.py', reloading
 * Detected change in 'C:\\Users\\lanry\\AppData\\Local\\Programs\\Python\\Python313\\Lib\\site-packages\\google\\ai\\generativelanguage_v1\\services\\generative_service\\transports\\__init__.py', reloading
 * Detected change in 'C:\\Users\\lanry\\AppData\\Local\\Programs\\Python\\Python313\\Lib\\site-packages\\google\\ai\\generativelanguage_v1\\services\\model_service\\async_client.py', reloading
 * Detected change in 'C:\\Users\\lanry\\AppData\\Local\\Programs\\Python\\Python313\\Lib\\site-packages\\google\\ai\\generativelanguage_v1\\services\\model_service\\client.py', reloading
 * Detected change in 'C:\\Users\\lanry\\AppData\\Local\\Programs\\Python\\Python313\\Lib\\site-packages\\google\\ai\\generativelanguage_v1\\services\\model_service\\pagers.py', reloading
 * Detected change in 'C:\\Users\\lanry\\AppData\\Local\\Programs\\Python\\Python313\\Lib\\site-packages\\google\\ai\\generativelanguage_v1\\services\\model_service\\__init__.py', reloading
 * Detected change in 'C:\\Users\\lanry\\AppData\\Local\\Programs\\Python\\Python313\\Lib\\site-packages\\google\\ai\\generativelanguage_v1\\services\\model_service\\transports\\base.py', reloading
 * Detected change in 'C:\\Users\\lanry\\AppData\\Local\\Programs\\Python\\Python313\\Lib\\site-packages\\google\\ai\\generativelanguage_v1\\services\\model_service\\transports\\grpc.py', reloading
 * Detected change in 'C:\\Users\\lanry\\AppData\\Local\\Programs\\Python\\Python313\\Lib\\site-packages\\google\\ai\\generativelanguage_v1\\services\\model_service\\transports\\grpc_asyncio.py', reloading
 * Detected change in 'C:\\Users\\lanry\\AppData\\Local\\Programs\\Python\\Python313\\Lib\\site-packages\\google\\ai\\generativelanguage_v1\\services\\model_service\\transports\\rest.py', reloading
 * Detected change in 'C:\\Users\\lanry\\AppData\\Local\\Programs\\Python\\Python313\\Lib\\site-packages\\google\\ai\\generativelanguage_v1\\services\\model_service\\transports\\__init__.py', reloading
 * Detected change in 'C:\\Users\\lanry\\AppData\\Local\\Programs\\Python\\Python313\\Lib\\site-packages\\google\\ai\\generativelanguage_v1\\types\\citation.py', reloading
 * Detected change in 'C:\\Users\\lanry\\AppData\\Local\\Programs\\Python\\Python313\\Lib\\site-packages\\google\\ai\\generativelanguage_v1\\types\\content.py', reloading
 * Detected change in 'C:\\Users\\lanry\\AppData\\Local\\Programs\\Python\\Python313\\Lib\\site-packages\\google\\ai\\generativelanguage_v1\\types\\generative_service.py', reloading
 * Detected change in 'C:\\Users\\lanry\\AppData\\Local\\Programs\\Python\\Python313\\Lib\\site-packages\\google\\ai\\generativelanguage_v1\\types\\model.py', reloading
 * Detected change in 'C:\\Users\\lanry\\AppData\\Local\\Programs\\Python\\Python313\\Lib\\site-packages\\google\\ai\\generativelanguage_v1\\types\\model_service.py', reloading
 * Detected change in 'C:\\Users\\lanry\\AppData\\Local\\Programs\\Python\\Python313\\Lib\\site-packages\\google\\ai\\generativelanguage_v1\\types\\safety.py', reloading
 * Detected change in 'C:\\Users\\lanry\\AppData\\Local\\Programs\\Python\\Python313\\Lib\\site-packages\\google\\ai\\generativelanguage_v1\\types\\__init__.py', reloading
 * Detected change in 'C:\\Users\\lanry\\AppData\\Local\\Programs\\Python\\Python313\\Lib\\site-packages\\google\\ai\\generativelanguage_v1beta2\\gapic_version.py', reloading
 * Detected change in 'C:\\Users\\lanry\\AppData\\Local\\Programs\\Python\\Python313\\Lib\\site-packages\\google\\ai\\generativelanguage_v1beta2\\__init__.py', reloading
 * Detected change in 'C:\\Users\\lanry\\AppData\\Local\\Programs\\Python\\Python313\\Lib\\site-packages\\google\\ai\\generativelanguage_v1beta2\\services\\__init__.py', reloading
 * Detected change in 'C:\\Users\\lanry\\AppData\\Local\\Programs\\Python\\Python313\\Lib\\site-packages\\google\\ai\\generativelanguage_v1beta2\\services\\discuss_service\\async_client.py', reloading
 * Detected change in 'C:\\Users\\lanry\\AppData\\Local\\Programs\\Python\\Python313\\Lib\\site-packages\\google\\ai\\generativelanguage_v1beta2\\services\\discuss_service\\client.py', reloading
 * Detected change in 'C:\\Users\\lanry\\AppData\\Local\\Programs\\Python\\Python313\\Lib\\site-packages\\google\\ai\\generativelanguage_v1beta2\\services\\discuss_service\\__init__.py', reloading
 * Detected change in 'C:\\Users\\lanry\\AppData\\Local\\Programs\\Python\\Python313\\Lib\\site-packages\\google\\ai\\generativelanguage_v1beta2\\services\\discuss_service\\transports\\base.py', reloading
 * Detected change in 'C:\\Users\\lanry\\AppData\\Local\\Programs\\Python\\Python313\\Lib\\site-packages\\google\\ai\\generativelanguage_v1beta2\\services\\discuss_service\\transports\\grpc.py', reloading
 * Detected change in 'C:\\Users\\lanry\\AppData\\Local\\Programs\\Python\\Python313\\Lib\\site-packages\\google\\ai\\generativelanguage_v1beta2\\services\\discuss_service\\transports\\grpc_asyncio.py', reloading
 * Detected change in 'C:\\Users\\lanry\\AppData\\Local\\Programs\\Python\\Python313\\Lib\\site-packages\\google\\ai\\generativelanguage_v1beta2\\services\\discuss_service\\transports\\rest.py', reloading
 * Detected change in 'C:\\Users\\lanry\\AppData\\Local\\Programs\\Python\\Python313\\Lib\\site-packages\\google\\ai\\generativelanguage_v1beta2\\services\\discuss_service\\transports\\__init__.py', reloading
 * Detected change in 'C:\\Users\\lanry\\AppData\\Local\\Programs\\Python\\Python313\\Lib\\site-packages\\google\\ai\\generativelanguage_v1beta2\\services\\model_service\\async_client.py', reloading
 * Detected change in 'C:\\Users\\lanry\\AppData\\Local\\Programs\\Python\\Python313\\Lib\\site-packages\\google\\ai\\generativelanguage_v1beta2\\services\\model_service\\client.py', reloading
 * Detected change in 'C:\\Users\\lanry\\AppData\\Local\\Programs\\Python\\Python313\\Lib\\site-packages\\google\\ai\\generativelanguage_v1beta2\\services\\model_service\\pagers.py', reloading
 * Detected change in 'C:\\Users\\lanry\\AppData\\Local\\Programs\\Python\\Python313\\Lib\\site-packages\\google\\ai\\generativelanguage_v1beta2\\services\\model_service\\__init__.py', reloading
 * Detected change in 'C:\\Users\\lanry\\AppData\\Local\\Programs\\Python\\Python313\\Lib\\site-packages\\google\\ai\\generativelanguage_v1beta2\\services\\model_service\\transports\\base.py', reloading
 * Detected change in 'C:\\Users\\lanry\\AppData\\Local\\Programs\\Python\\Python313\\Lib\\site-packages\\google\\ai\\generativelanguage_v1beta2\\services\\model_service\\transports\\grpc.py', reloading
 * Detected change in 'C:\\Users\\lanry\\AppData\\Local\\Programs\\Python\\Python313\\Lib\\site-packages\\google\\ai\\generativelanguage_v1beta2\\services\\model_service\\transports\\grpc_asyncio.py', reloading
 * Detected change in 'C:\\Users\\lanry\\AppData\\Local\\Programs\\Python\\Python313\\Lib\\site-packages\\google\\ai\\generativelanguage_v1beta2\\services\\model_service\\transports\\rest.py', reloading
 * Detected change in 'C:\\Users\\lanry\\AppData\\Local\\Programs\\Python\\Python313\\Lib\\site-packages\\google\\ai\\generativelanguage_v1beta2\\services\\model_service\\transports\\__init__.py', reloading
 * Detected change in 'C:\\Users\\lanry\\AppData\\Local\\Programs\\Python\\Python313\\Lib\\site-packages\\google\\ai\\generativelanguage_v1beta2\\services\\text_service\\async_client.py', reloading
 * Detected change in 'C:\\Users\\lanry\\AppData\\Local\\Programs\\Python\\Python313\\Lib\\site-packages\\google\\ai\\generativelanguage_v1beta2\\services\\text_service\\client.py', reloading
 * Detected change in 'C:\\Users\\lanry\\AppData\\Local\\Programs\\Python\\Python313\\Lib\\site-packages\\google\\ai\\generativelanguage_v1beta2\\services\\text_service\\__init__.py', reloading
 * Detected change in 'C:\\Users\\lanry\\AppData\\Local\\Programs\\Python\\Python313\\Lib\\site-packages\\google\\ai\\generativelanguage_v1beta2\\services\\text_service\\transports\\base.py', reloading
 * Detected change in 'C:\\Users\\lanry\\AppData\\Local\\Programs\\Python\\Python313\\Lib\\site-packages\\google\\ai\\generativelanguage_v1beta2\\services\\text_service\\transports\\grpc.py', reloading
 * Detected change in 'C:\\Users\\lanry\\AppData\\Local\\Programs\\Python\\Python313\\Lib\\site-packages\\google\\ai\\generativelanguage_v1beta2\\services\\text_service\\transports\\grpc_asyncio.py', reloading
 * Detected change in 'C:\\Users\\lanry\\AppData\\Local\\Programs\\Python\\Python313\\Lib\\site-packages\\google\\ai\\generativelanguage_v1beta2\\services\\text_service\\transports\\rest.py', reloading
 * Detected change in 'C:\\Users\\lanry\\AppData\\Local\\Programs\\Python\\Python313\\Lib\\site-packages\\google\\ai\\generativelanguage_v1beta2\\services\\text_service\\transports\\__init__.py', reloading
 * Detected change in 'C:\\Users\\lanry\\AppData\\Local\\Programs\\Python\\Python313\\Lib\\site-packages\\google\\ai\\generativelanguage_v1beta2\\types\\citation.py', reloading
 * Detected change in 'C:\\Users\\lanry\\AppData\\Local\\Programs\\Python\\Python313\\Lib\\site-packages\\google\\ai\\generativelanguage_v1beta2\\types\\discuss_service.py', reloading
 * Detected change in 'C:\\Users\\lanry\\AppData\\Local\\Programs\\Python\\Python313\\Lib\\site-packages\\google\\ai\\generativelanguage_v1beta2\\types\\model.py', reloading
 * Detected change in 'C:\\Users\\lanry\\AppData\\Local\\Programs\\Python\\Python313\\Lib\\site-packages\\google\\ai\\generativelanguage_v1beta2\\types\\model_service.py', reloading
 * Detected change in 'C:\\Users\\lanry\\AppData\\Local\\Programs\\Python\\Python313\\Lib\\site-packages\\google\\ai\\generativelanguage_v1beta2\\types\\safety.py', reloading
 * Detected change in 'C:\\Users\\lanry\\AppData\\Local\\Programs\\Python\\Python313\\Lib\\site-packages\\google\\ai\\generativelanguage_v1beta2\\types\\text_service.py', reloading
 * Detected change in 'C:\\Users\\lanry\\AppData\\Local\\Programs\\Python\\Python313\\Lib\\site-packages\\google\\ai\\generativelanguage_v1beta2\\types\\__init__.py', reloading
 * Detected change in 'C:\\Users\\lanry\\AppData\\Local\\Programs\\Python\\Python313\\Lib\\site-packages\\google\\ai\\~enerativelanguage_v1beta3\\gapic_version.py', reloading
 * Detected change in 'C:\\Users\\lanry\\AppData\\Local\\Programs\\Python\\Python313\\Lib\\site-packages\\google\\ai\\~enerativelanguage_v1beta3\\__init__.py', reloading
 * Detected change in 'C:\\Users\\lanry\\AppData\\Local\\Programs\\Python\\Python313\\Lib\\site-packages\\google\\ai\\~enerativelanguage_v1beta3\\services\\__init__.py', reloading
 * Detected change in 'C:\\Users\\lanry\\AppData\\Local\\Programs\\Python\\Python313\\Lib\\site-packages\\google\\ai\\~enerativelanguage_v1beta3\\services\\discuss_service\\async_client.py', reloading
 * Detected change in 'C:\\Users\\lanry\\AppData\\Local\\Programs\\Python\\Python313\\Lib\\site-packages\\google\\ai\\~enerativelanguage_v1beta3\\services\\discuss_service\\client.py', reloading
 * Detected change in 'C:\\Users\\lanry\\AppData\\Local\\Programs\\Python\\Python313\\Lib\\site-packages\\google\\ai\\~enerativelanguage_v1beta3\\services\\discuss_service\\__init__.py', reloading
 * Detected change in 'C:\\Users\\lanry\\AppData\\Local\\Programs\\Python\\Python313\\Lib\\site-packages\\google\\ai\\~enerativelanguage_v1beta3\\services\\discuss_service\\transports\\base.py', reloading
 * Detected change in 'C:\\Users\\lanry\\AppData\\Local\\Programs\\Python\\Python313\\Lib\\site-packages\\google\\ai\\~enerativelanguage_v1beta3\\services\\discuss_service\\transports\\grpc.py', reloading
 * Detected change in 'C:\\Users\\lanry\\AppData\\Local\\Programs\\Python\\Python313\\Lib\\site-packages\\google\\ai\\~enerativelanguage_v1beta3\\services\\discuss_service\\transports\\grpc_asyncio.py', reloading
 * Detected change in 'C:\\Users\\lanry\\AppData\\Local\\Programs\\Python\\Python313\\Lib\\site-packages\\google\\ai\\~enerativelanguage_v1beta3\\services\\discuss_service\\transports\\rest.py', reloading
 * Detected change in 'C:\\Users\\lanry\\AppData\\Local\\Programs\\Python\\Python313\\Lib\\site-packages\\google\\ai\\~enerativelanguage_v1beta3\\services\\discuss_service\\transports\\__init__.py', reloading
 * Detected change in 'C:\\Users\\lanry\\AppData\\Local\\Programs\\Python\\Python313\\Lib\\site-packages\\google\\ai\\~enerativelanguage_v1beta3\\services\\model_service\\async_client.py', reloading
 * Detected change in 'C:\\Users\\lanry\\AppData\\Local\\Programs\\Python\\Python313\\Lib\\site-packages\\google\\ai\\~enerativelanguage_v1beta3\\services\\model_service\\client.py', reloading
 * Detected change in 'C:\\Users\\lanry\\AppData\\Local\\Programs\\Python\\Python313\\Lib\\site-packages\\google\\ai\\~enerativelanguage_v1beta3\\services\\model_service\\pagers.py', reloading
 * Detected change in 'C:\\Users\\lanry\\AppData\\Local\\Programs\\Python\\Python313\\Lib\\site-packages\\google\\ai\\~enerativelanguage_v1beta3\\services\\model_service\\__init__.py', reloading
 * Detected change in 'C:\\Users\\lanry\\AppData\\Local\\Programs\\Python\\Python313\\Lib\\site-packages\\google\\ai\\~enerativelanguage_v1beta3\\services\\model_service\\transports\\base.py', reloading
 * Detected change in 'C:\\Users\\lanry\\AppData\\Local\\Programs\\Python\\Python313\\Lib\\site-packages\\google\\ai\\~enerativelanguage_v1beta3\\services\\model_service\\transports\\grpc.py', reloading
 * Detected change in 'C:\\Users\\lanry\\AppData\\Local\\Programs\\Python\\Python313\\Lib\\site-packages\\google\\ai\\~enerativelanguage_v1beta3\\services\\model_service\\transports\\grpc_asyncio.py', reloading
 * Detected change in 'C:\\Users\\lanry\\AppData\\Local\\Programs\\Python\\Python313\\Lib\\site-packages\\google\\ai\\~enerativelanguage_v1beta3\\services\\model_service\\transports\\rest.py', reloading
 * Detected change in 'C:\\Users\\lanry\\AppData\\Local\\Programs\\Python\\Python313\\Lib\\site-packages\\google\\ai\\~enerativelanguage_v1beta3\\services\\model_service\\transports\\__init__.py', reloading
 * Detected change in 'C:\\Users\\lanry\\AppData\\Local\\Programs\\Python\\Python313\\Lib\\site-packages\\google\\ai\\~enerativelanguage_v1beta3\\services\\permission_service\\async_client.py', reloading
 * Detected change in 'C:\\Users\\lanry\\AppData\\Local\\Programs\\Python\\Python313\\Lib\\site-packages\\google\\ai\\~enerativelanguage_v1beta3\\services\\permission_service\\client.py', reloading
 * Detected change in 'C:\\Users\\lanry\\AppData\\Local\\Programs\\Python\\Python313\\Lib\\site-packages\\google\\ai\\~enerativelanguage_v1beta3\\services\\permission_service\\pagers.py', reloading
 * Detected change in 'C:\\Users\\lanry\\AppData\\Local\\Programs\\Python\\Python313\\Lib\\site-packages\\google\\ai\\~enerativelanguage_v1beta3\\services\\permission_service\\__init__.py', reloading
 * Detected change in 'C:\\Users\\lanry\\AppData\\Local\\Programs\\Python\\Python313\\Lib\\site-packages\\google\\ai\\~enerativelanguage_v1beta3\\services\\permission_service\\transports\\base.py', reloading
 * Detected change in 'C:\\Users\\lanry\\AppData\\Local\\Programs\\Python\\Python313\\Lib\\site-packages\\google\\ai\\~enerativelanguage_v1beta3\\services\\permission_service\\transports\\grpc.py', reloading
 * Detected change in 'C:\\Users\\lanry\\AppData\\Local\\Programs\\Python\\Python313\\Lib\\site-packages\\google\\ai\\~enerativelanguage_v1beta3\\services\\permission_service\\transports\\grpc_asyncio.py', reloading
 * Detected change in 'C:\\Users\\lanry\\AppData\\Local\\Programs\\Python\\Python313\\Lib\\site-packages\\google\\ai\\~enerativelanguage_v1beta3\\services\\permission_service\\transports\\rest.py', reloading
 * Detected change in 'C:\\Users\\lanry\\AppData\\Local\\Programs\\Python\\Python313\\Lib\\site-packages\\google\\ai\\~enerativelanguage_v1beta3\\services\\permission_service\\transports\\__init__.py', reloading
 * Detected change in 'C:\\Users\\lanry\\AppData\\Local\\Programs\\Python\\Python313\\Lib\\site-packages\\google\\ai\\~enerativelanguage_v1beta3\\services\\text_service\\async_client.py', reloading
 * Detected change in 'C:\\Users\\lanry\\AppData\\Local\\Programs\\Python\\Python313\\Lib\\site-packages\\google\\ai\\~enerativelanguage_v1beta3\\services\\text_service\\client.py', reloading
 * Detected change in 'C:\\Users\\lanry\\AppData\\Local\\Programs\\Python\\Python313\\Lib\\site-packages\\google\\ai\\~enerativelanguage_v1beta3\\services\\text_service\\__init__.py', reloading
 * Detected change in 'C:\\Users\\lanry\\AppData\\Local\\Programs\\Python\\Python313\\Lib\\site-packages\\google\\ai\\~enerativelanguage_v1beta3\\services\\text_service\\transports\\base.py', reloading
 * Detected change in 'C:\\Users\\lanry\\AppData\\Local\\Programs\\Python\\Python313\\Lib\\site-packages\\google\\ai\\~enerativelanguage_v1beta3\\services\\text_service\\transports\\grpc.py', reloading
 * Detected change in 'C:\\Users\\lanry\\AppData\\Local\\Programs\\Python\\Python313\\Lib\\site-packages\\google\\ai\\~enerativelanguage_v1beta3\\services\\text_service\\transports\\grpc_asyncio.py', reloading
 * Detected change in 'C:\\Users\\lanry\\AppData\\Local\\Programs\\Python\\Python313\\Lib\\site-packages\\google\\ai\\~enerativelanguage_v1beta3\\services\\text_service\\transports\\rest.py', reloading
 * Detected change in 'C:\\Users\\lanry\\AppData\\Local\\Programs\\Python\\Python313\\Lib\\site-packages\\google\\ai\\~enerativelanguage_v1beta3\\services\\text_service\\transports\\__init__.py', reloading
 * Detected change in 'C:\\Users\\lanry\\AppData\\Local\\Programs\\Python\\Python313\\Lib\\site-packages\\google\\ai\\~enerativelanguage_v1beta3\\types\\citation.py', reloading
 * Detected change in 'C:\\Users\\lanry\\AppData\\Local\\Programs\\Python\\Python313\\Lib\\site-packages\\google\\ai\\~enerativelanguage_v1beta3\\types\\discuss_service.py', reloading
 * Detected change in 'C:\\Users\\lanry\\AppData\\Local\\Programs\\Python\\Python313\\Lib\\site-packages\\google\\ai\\~enerativelanguage_v1beta3\\types\\model.py', reloading
 * Detected change in 'C:\\Users\\lanry\\AppData\\Local\\Programs\\Python\\Python313\\Lib\\site-packages\\google\\ai\\~enerativelanguage_v1beta3\\types\\model_service.py', reloading
 * Detected change in 'C:\\Users\\lanry\\AppData\\Local\\Programs\\Python\\Python313\\Lib\\site-packages\\google\\ai\\~enerativelanguage_v1beta3\\types\\permission.py', reloading
 * Detected change in 'C:\\Users\\lanry\\AppData\\Local\\Programs\\Python\\Python313\\Lib\\site-packages\\google\\ai\\~enerativelanguage_v1beta3\\types\\permission_service.py', reloading
 * Detected change in 'C:\\Users\\lanry\\AppData\\Local\\Programs\\Python\\Python313\\Lib\\site-packages\\google\\ai\\~enerativelanguage_v1beta3\\types\\safety.py', reloading
 * Detected change in 'C:\\Users\\lanry\\AppData\\Local\\Programs\\Python\\Python313\\Lib\\site-packages\\google\\ai\\~enerativelanguage_v1beta3\\types\\text_service.py', reloading
 * Detected change in 'C:\\Users\\lanry\\AppData\\Local\\Programs\\Python\\Python313\\Lib\\site-packages\\google\\ai\\~enerativelanguage_v1beta3\\types\\tuned_model.py', reloading
 * Detected change in 'C:\\Users\\lanry\\AppData\\Local\\Programs\\Python\\Python313\\Lib\\site-packages\\google\\ai\\~enerativelanguage_v1beta3\\types\\__init__.py', reloading
 * Detected change in 'C:\\Users\\lanry\\AppData\\Local\\Programs\\Python\\Python313\\Lib\\site-packages\\google\\ai\\generativelanguage_v1beta3\\gapic_version.py', reloading
 * Detected change in 'C:\\Users\\lanry\\AppData\\Local\\Programs\\Python\\Python313\\Lib\\site-packages\\google\\ai\\generativelanguage_v1beta3\\__init__.py', reloading
 * Detected change in 'C:\\Users\\lanry\\AppData\\Local\\Programs\\Python\\Python313\\Lib\\site-packages\\google\\ai\\generativelanguage_v1beta3\\services\\__init__.py', reloading
 * Detected change in 'C:\\Users\\lanry\\AppData\\Local\\Programs\\Python\\Python313\\Lib\\site-packages\\google\\ai\\generativelanguage_v1beta3\\services\\discuss_service\\async_client.py', reloading
 * Detected change in 'C:\\Users\\lanry\\AppData\\Local\\Programs\\Python\\Python313\\Lib\\site-packages\\google\\ai\\generativelanguage_v1beta3\\services\\discuss_service\\client.py', reloading
 * Detected change in 'C:\\Users\\lanry\\AppData\\Local\\Programs\\Python\\Python313\\Lib\\site-packages\\google\\ai\\generativelanguage_v1beta3\\services\\discuss_service\\__init__.py', reloading
 * Detected change in 'C:\\Users\\lanry\\AppData\\Local\\Programs\\Python\\Python313\\Lib\\site-packages\\google\\ai\\generativelanguage_v1beta3\\services\\discuss_service\\transports\\base.py', reloading
 * Detected change in 'C:\\Users\\lanry\\AppData\\Local\\Programs\\Python\\Python313\\Lib\\site-packages\\google\\ai\\generativelanguage_v1beta3\\services\\discuss_service\\transports\\grpc.py', reloading
 * Detected change in 'C:\\Users\\lanry\\AppData\\Local\\Programs\\Python\\Python313\\Lib\\site-packages\\google\\ai\\generativelanguage_v1beta3\\services\\discuss_service\\transports\\grpc_asyncio.py', reloading
 * Detected change in 'C:\\Users\\lanry\\AppData\\Local\\Programs\\Python\\Python313\\Lib\\site-packages\\google\\ai\\generativelanguage_v1beta3\\services\\discuss_service\\transports\\rest.py', reloading
 * Detected change in 'C:\\Users\\lanry\\AppData\\Local\\Programs\\Python\\Python313\\Lib\\site-packages\\google\\ai\\generativelanguage_v1beta3\\services\\discuss_service\\transports\\__init__.py', reloading
 * Detected change in 'C:\\Users\\lanry\\AppData\\Local\\Programs\\Python\\Python313\\Lib\\site-packages\\google\\ai\\generativelanguage_v1beta3\\services\\model_service\\async_client.py', reloading
 * Detected change in 'C:\\Users\\lanry\\AppData\\Local\\Programs\\Python\\Python313\\Lib\\site-packages\\google\\ai\\generativelanguage_v1beta3\\services\\model_service\\client.py', reloading
 * Detected change in 'C:\\Users\\lanry\\AppData\\Local\\Programs\\Python\\Python313\\Lib\\site-packages\\google\\ai\\generativelanguage_v1beta3\\services\\model_service\\pagers.py', reloading
 * Detected change in 'C:\\Users\\lanry\\AppData\\Local\\Programs\\Python\\Python313\\Lib\\site-packages\\google\\ai\\generativelanguage_v1beta3\\services\\model_service\\__init__.py', reloading
 * Detected change in 'C:\\Users\\lanry\\AppData\\Local\\Programs\\Python\\Python313\\Lib\\site-packages\\google\\ai\\generativelanguage_v1beta3\\services\\model_service\\transports\\base.py', reloading
 * Detected change in 'C:\\Users\\lanry\\AppData\\Local\\Programs\\Python\\Python313\\Lib\\site-packages\\google\\ai\\generativelanguage_v1beta3\\services\\model_service\\transports\\grpc.py', reloading
 * Detected change in 'C:\\Users\\lanry\\AppData\\Local\\Programs\\Python\\Python313\\Lib\\site-packages\\google\\ai\\generativelanguage_v1beta3\\services\\model_service\\transports\\grpc_asyncio.py', reloading
 * Detected change in 'C:\\Users\\lanry\\AppData\\Local\\Programs\\Python\\Python313\\Lib\\site-packages\\google\\ai\\generativelanguage_v1beta3\\services\\model_service\\transports\\rest.py', reloading
 * Detected change in 'C:\\Users\\lanry\\AppData\\Local\\Programs\\Python\\Python313\\Lib\\site-packages\\google\\ai\\generativelanguage_v1beta3\\services\\model_service\\transports\\__init__.py', reloading
 * Detected change in 'C:\\Users\\lanry\\AppData\\Local\\Programs\\Python\\Python313\\Lib\\site-packages\\google\\ai\\generativelanguage_v1beta3\\services\\permission_service\\async_client.py', reloading
 * Detected change in 'C:\\Users\\lanry\\AppData\\Local\\Programs\\Python\\Python313\\Lib\\site-packages\\google\\ai\\generativelanguage_v1beta3\\services\\permission_service\\client.py', reloading
 * Detected change in 'C:\\Users\\lanry\\AppData\\Local\\Programs\\Python\\Python313\\Lib\\site-packages\\google\\ai\\generativelanguage_v1beta3\\services\\permission_service\\pagers.py', reloading
 * Detected change in 'C:\\Users\\lanry\\AppData\\Local\\Programs\\Python\\Python313\\Lib\\site-packages\\google\\ai\\generativelanguage_v1beta3\\services\\permission_service\\__init__.py', reloading
 * Detected change in 'C:\\Users\\lanry\\AppData\\Local\\Programs\\Python\\Python313\\Lib\\site-packages\\google\\ai\\generativelanguage_v1beta3\\services\\permission_service\\transports\\base.py', reloading
 * Detected change in 'C:\\Users\\lanry\\AppData\\Local\\Programs\\Python\\Python313\\Lib\\site-packages\\google\\ai\\generativelanguage_v1beta3\\services\\permission_service\\transports\\grpc.py', reloading
 * Detected change in 'C:\\Users\\lanry\\AppData\\Local\\Programs\\Python\\Python313\\Lib\\site-packages\\google\\ai\\generativelanguage_v1beta3\\services\\permission_service\\transports\\grpc_asyncio.py', reloading
 * Detected change in 'C:\\Users\\lanry\\AppData\\Local\\Programs\\Python\\Python313\\Lib\\site-packages\\google\\ai\\generativelanguage_v1beta3\\services\\permission_service\\transports\\rest.py', reloading
 * Detected change in 'C:\\Users\\lanry\\AppData\\Local\\Programs\\Python\\Python313\\Lib\\site-packages\\google\\ai\\generativelanguage_v1beta3\\services\\permission_service\\transports\\__init__.py', reloading
 * Detected change in 'C:\\Users\\lanry\\AppData\\Local\\Programs\\Python\\Python313\\Lib\\site-packages\\google\\ai\\generativelanguage_v1beta3\\services\\text_service\\async_client.py', reloading
 * Detected change in 'C:\\Users\\lanry\\AppData\\Local\\Programs\\Python\\Python313\\Lib\\site-packages\\google\\ai\\generativelanguage_v1beta3\\services\\text_service\\client.py', reloading
 * Detected change in 'C:\\Users\\lanry\\AppData\\Local\\Programs\\Python\\Python313\\Lib\\site-packages\\google\\ai\\generativelanguage_v1beta3\\services\\text_service\\__init__.py', reloading
 * Detected change in 'C:\\Users\\lanry\\AppData\\Local\\Programs\\Python\\Python313\\Lib\\site-packages\\google\\ai\\generativelanguage_v1beta3\\services\\text_service\\transports\\base.py', reloading
 * Detected change in 'C:\\Users\\lanry\\AppData\\Local\\Programs\\Python\\Python313\\Lib\\site-packages\\google\\ai\\generativelanguage_v1beta3\\services\\text_service\\transports\\grpc.py', reloading
 * Detected change in 'C:\\Users\\lanry\\AppData\\Local\\Programs\\Python\\Python313\\Lib\\site-packages\\google\\ai\\generativelanguage_v1beta3\\services\\text_service\\transports\\grpc_asyncio.py', reloading
 * Detected change in 'C:\\Users\\lanry\\AppData\\Local\\Programs\\Python\\Python313\\Lib\\site-packages\\google\\ai\\generativelanguage_v1beta3\\services\\text_service\\transports\\rest.py', reloading
 * Detected change in 'C:\\Users\\lanry\\AppData\\Local\\Programs\\Python\\Python313\\Lib\\site-packages\\google\\ai\\generativelanguage_v1beta3\\services\\text_service\\transports\\__init__.py', reloading
 * Detected change in 'C:\\Users\\lanry\\AppData\\Local\\Programs\\Python\\Python313\\Lib\\site-packages\\google\\ai\\generativelanguage_v1beta3\\types\\citation.py', reloading
 * Detected change in 'C:\\Users\\lanry\\AppData\\Local\\Programs\\Python\\Python313\\Lib\\site-packages\\google\\ai\\generativelanguage_v1beta3\\types\\discuss_service.py', reloading
 * Detected change in 'C:\\Users\\lanry\\AppData\\Local\\Programs\\Python\\Python313\\Lib\\site-packages\\google\\ai\\generativelanguage_v1beta3\\types\\model.py', reloading
 * Detected change in 'C:\\Users\\lanry\\AppData\\Local\\Programs\\Python\\Python313\\Lib\\site-packages\\google\\ai\\generativelanguage_v1beta3\\types\\model_service.py', reloading
 * Detected change in 'C:\\Users\\lanry\\AppData\\Local\\Programs\\Python\\Python313\\Lib\\site-packages\\google\\ai\\generativelanguage_v1beta3\\types\\permission.py', reloading
 * Detected change in 'C:\\Users\\lanry\\AppData\\Local\\Programs\\Python\\Python313\\Lib\\site-packages\\google\\ai\\generativelanguage_v1beta3\\types\\permission_service.py', reloading
 * Detected change in 'C:\\Users\\lanry\\AppData\\Local\\Programs\\Python\\Python313\\Lib\\site-packages\\google\\ai\\generativelanguage_v1beta3\\types\\safety.py', reloading
 * Detected change in 'C:\\Users\\lanry\\AppData\\Local\\Programs\\Python\\Python313\\Lib\\site-packages\\google\\ai\\generativelanguage_v1beta3\\types\\text_service.py', reloading
 * Detected change in 'C:\\Users\\lanry\\AppData\\Local\\Programs\\Python\\Python313\\Lib\\site-packages\\google\\ai\\generativelanguage_v1beta3\\types\\tuned_model.py', reloading
 * Detected change in 'C:\\Users\\lanry\\AppData\\Local\\Programs\\Python\\Python313\\Lib\\site-packages\\google\\ai\\generativelanguage_v1beta3\\types\\__init__.py', reloading
 * Detected change in 'C:\\Users\\lanry\\AppData\\Local\\Programs\\Python\\Python313\\Lib\\site-packages\\google\\ai\\~enerativelanguage_v1beta\\gapic_version.py', reloading
 * Detected change in 'C:\\Users\\lanry\\AppData\\Local\\Programs\\Python\\Python313\\Lib\\site-packages\\google\\ai\\~enerativelanguage_v1beta\\__init__.py', reloading
 * Detected change in 'C:\\Users\\lanry\\AppData\\Local\\Programs\\Python\\Python313\\Lib\\site-packages\\google\\ai\\~enerativelanguage_v1beta\\services\\__init__.py', reloading
 * Detected change in 'C:\\Users\\lanry\\AppData\\Local\\Programs\\Python\\Python313\\Lib\\site-packages\\google\\ai\\~enerativelanguage_v1beta\\services\\cache_service\\async_client.py', reloading
 * Detected change in 'C:\\Users\\lanry\\AppData\\Local\\Programs\\Python\\Python313\\Lib\\site-packages\\google\\ai\\~enerativelanguage_v1beta\\services\\cache_service\\client.py', reloading
 * Detected change in 'C:\\Users\\lanry\\AppData\\Local\\Programs\\Python\\Python313\\Lib\\site-packages\\google\\ai\\~enerativelanguage_v1beta\\services\\cache_service\\pagers.py', reloading
 * Detected change in 'C:\\Users\\lanry\\AppData\\Local\\Programs\\Python\\Python313\\Lib\\site-packages\\google\\ai\\~enerativelanguage_v1beta\\services\\cache_service\\__init__.py', reloading
 * Detected change in 'C:\\Users\\lanry\\AppData\\Local\\Programs\\Python\\Python313\\Lib\\site-packages\\google\\ai\\~enerativelanguage_v1beta\\services\\cache_service\\transports\\base.py', reloading
 * Detected change in 'C:\\Users\\lanry\\AppData\\Local\\Programs\\Python\\Python313\\Lib\\site-packages\\google\\ai\\~enerativelanguage_v1beta\\services\\cache_service\\transports\\grpc.py', reloading
 * Detected change in 'C:\\Users\\lanry\\AppData\\Local\\Programs\\Python\\Python313\\Lib\\site-packages\\google\\ai\\~enerativelanguage_v1beta\\services\\cache_service\\transports\\grpc_asyncio.py', reloading
 * Detected change in 'C:\\Users\\lanry\\AppData\\Local\\Programs\\Python\\Python313\\Lib\\site-packages\\google\\ai\\~enerativelanguage_v1beta\\services\\cache_service\\transports\\rest.py', reloading
 * Detected change in 'C:\\Users\\lanry\\AppData\\Local\\Programs\\Python\\Python313\\Lib\\site-packages\\google\\ai\\~enerativelanguage_v1beta\\services\\cache_service\\transports\\__init__.py', reloading
 * Detected change in 'C:\\Users\\lanry\\AppData\\Local\\Programs\\Python\\Python313\\Lib\\site-packages\\google\\ai\\~enerativelanguage_v1beta\\services\\discuss_service\\async_client.py', reloading
 * Detected change in 'C:\\Users\\lanry\\AppData\\Local\\Programs\\Python\\Python313\\Lib\\site-packages\\google\\ai\\~enerativelanguage_v1beta\\services\\discuss_service\\client.py', reloading
 * Detected change in 'C:\\Users\\lanry\\AppData\\Local\\Programs\\Python\\Python313\\Lib\\site-packages\\google\\ai\\~enerativelanguage_v1beta\\services\\discuss_service\\__init__.py', reloading
 * Detected change in 'C:\\Users\\lanry\\AppData\\Local\\Programs\\Python\\Python313\\Lib\\site-packages\\google\\ai\\~enerativelanguage_v1beta\\services\\discuss_service\\transports\\base.py', reloading
 * Detected change in 'C:\\Users\\lanry\\AppData\\Local\\Programs\\Python\\Python313\\Lib\\site-packages\\google\\ai\\~enerativelanguage_v1beta\\services\\discuss_service\\transports\\grpc.py', reloading
 * Detected change in 'C:\\Users\\lanry\\AppData\\Local\\Programs\\Python\\Python313\\Lib\\site-packages\\google\\ai\\~enerativelanguage_v1beta\\services\\discuss_service\\transports\\grpc_asyncio.py', reloading
 * Detected change in 'C:\\Users\\lanry\\AppData\\Local\\Programs\\Python\\Python313\\Lib\\site-packages\\google\\ai\\~enerativelanguage_v1beta\\services\\discuss_service\\transports\\rest.py', reloading
 * Detected change in 'C:\\Users\\lanry\\AppData\\Local\\Programs\\Python\\Python313\\Lib\\site-packages\\google\\ai\\~enerativelanguage_v1beta\\services\\discuss_service\\transports\\__init__.py', reloading
 * Detected change in 'C:\\Users\\lanry\\AppData\\Local\\Programs\\Python\\Python313\\Lib\\site-packages\\google\\ai\\~enerativelanguage_v1beta\\services\\file_service\\async_client.py', reloading
 * Detected change in 'C:\\Users\\lanry\\AppData\\Local\\Programs\\Python\\Python313\\Lib\\site-packages\\google\\ai\\~enerativelanguage_v1beta\\services\\file_service\\client.py', reloading
 * Detected change in 'C:\\Users\\lanry\\AppData\\Local\\Programs\\Python\\Python313\\Lib\\site-packages\\google\\ai\\~enerativelanguage_v1beta\\services\\file_service\\pagers.py', reloading
 * Detected change in 'C:\\Users\\lanry\\AppData\\Local\\Programs\\Python\\Python313\\Lib\\site-packages\\google\\ai\\~enerativelanguage_v1beta\\services\\file_service\\__init__.py', reloading
 * Detected change in 'C:\\Users\\lanry\\AppData\\Local\\Programs\\Python\\Python313\\Lib\\site-packages\\google\\ai\\~enerativelanguage_v1beta\\services\\file_service\\transports\\base.py', reloading
 * Detected change in 'C:\\Users\\lanry\\AppData\\Local\\Programs\\Python\\Python313\\Lib\\site-packages\\google\\ai\\~enerativelanguage_v1beta\\services\\file_service\\transports\\grpc.py', reloading
 * Detected change in 'C:\\Users\\lanry\\AppData\\Local\\Programs\\Python\\Python313\\Lib\\site-packages\\google\\ai\\~enerativelanguage_v1beta\\services\\file_service\\transports\\grpc_asyncio.py', reloading
 * Detected change in 'C:\\Users\\lanry\\AppData\\Local\\Programs\\Python\\Python313\\Lib\\site-packages\\google\\ai\\~enerativelanguage_v1beta\\services\\file_service\\transports\\rest.py', reloading
 * Detected change in 'C:\\Users\\lanry\\AppData\\Local\\Programs\\Python\\Python313\\Lib\\site-packages\\google\\ai\\~enerativelanguage_v1beta\\services\\file_service\\transports\\__init__.py', reloading
 * Detected change in 'C:\\Users\\lanry\\AppData\\Local\\Programs\\Python\\Python313\\Lib\\site-packages\\google\\ai\\~enerativelanguage_v1beta\\services\\generative_service\\async_client.py', reloading
 * Detected change in 'C:\\Users\\lanry\\AppData\\Local\\Programs\\Python\\Python313\\Lib\\site-packages\\google\\ai\\~enerativelanguage_v1beta\\services\\generative_service\\client.py', reloading
 * Detected change in 'C:\\Users\\lanry\\AppData\\Local\\Programs\\Python\\Python313\\Lib\\site-packages\\google\\ai\\~enerativelanguage_v1beta\\services\\generative_service\\__init__.py', reloading
 * Detected change in 'C:\\Users\\lanry\\AppData\\Local\\Programs\\Python\\Python313\\Lib\\site-packages\\google\\ai\\~enerativelanguage_v1beta\\services\\generative_service\\transports\\base.py', reloading
 * Detected change in 'C:\\Users\\lanry\\AppData\\Local\\Programs\\Python\\Python313\\Lib\\site-packages\\google\\ai\\~enerativelanguage_v1beta\\services\\generative_service\\transports\\grpc.py', reloading
 * Detected change in 'C:\\Users\\lanry\\AppData\\Local\\Programs\\Python\\Python313\\Lib\\site-packages\\google\\ai\\~enerativelanguage_v1beta\\services\\generative_service\\transports\\grpc_asyncio.py', reloading
 * Detected change in 'C:\\Users\\lanry\\AppData\\Local\\Programs\\Python\\Python313\\Lib\\site-packages\\google\\ai\\~enerativelanguage_v1beta\\services\\generative_service\\transports\\rest.py', reloading
 * Detected change in 'C:\\Users\\lanry\\AppData\\Local\\Programs\\Python\\Python313\\Lib\\site-packages\\google\\ai\\~enerativelanguage_v1beta\\services\\generative_service\\transports\\__init__.py', reloading
 * Detected change in 'C:\\Users\\lanry\\AppData\\Local\\Programs\\Python\\Python313\\Lib\\site-packages\\google\\ai\\~enerativelanguage_v1beta\\services\\model_service\\async_client.py', reloading
 * Detected change in 'C:\\Users\\lanry\\AppData\\Local\\Programs\\Python\\Python313\\Lib\\site-packages\\google\\ai\\~enerativelanguage_v1beta\\services\\model_service\\client.py', reloading
 * Detected change in 'C:\\Users\\lanry\\AppData\\Local\\Programs\\Python\\Python313\\Lib\\site-packages\\google\\ai\\~enerativelanguage_v1beta\\services\\model_service\\pagers.py', reloading
 * Detected change in 'C:\\Users\\lanry\\AppData\\Local\\Programs\\Python\\Python313\\Lib\\site-packages\\google\\ai\\~enerativelanguage_v1beta\\services\\model_service\\__init__.py', reloading
 * Detected change in 'C:\\Users\\lanry\\AppData\\Local\\Programs\\Python\\Python313\\Lib\\site-packages\\google\\ai\\~enerativelanguage_v1beta\\services\\model_service\\transports\\base.py', reloading
 * Detected change in 'C:\\Users\\lanry\\AppData\\Local\\Programs\\Python\\Python313\\Lib\\site-packages\\google\\ai\\~enerativelanguage_v1beta\\services\\model_service\\transports\\grpc.py', reloading
 * Detected change in 'C:\\Users\\lanry\\AppData\\Local\\Programs\\Python\\Python313\\Lib\\site-packages\\google\\ai\\~enerativelanguage_v1beta\\services\\model_service\\transports\\grpc_asyncio.py', reloading
 * Detected change in 'C:\\Users\\lanry\\AppData\\Local\\Programs\\Python\\Python313\\Lib\\site-packages\\google\\ai\\~enerativelanguage_v1beta\\services\\model_service\\transports\\rest.py', reloading
 * Detected change in 'C:\\Users\\lanry\\AppData\\Local\\Programs\\Python\\Python313\\Lib\\site-packages\\google\\ai\\~enerativelanguage_v1beta\\services\\model_service\\transports\\__init__.py', reloading
 * Detected change in 'C:\\Users\\lanry\\AppData\\Local\\Programs\\Python\\Python313\\Lib\\site-packages\\google\\ai\\~enerativelanguage_v1beta\\services\\permission_service\\async_client.py', reloading
 * Detected change in 'C:\\Users\\lanry\\AppData\\Local\\Programs\\Python\\Python313\\Lib\\site-packages\\google\\ai\\~enerativelanguage_v1beta\\services\\permission_service\\client.py', reloading
 * Detected change in 'C:\\Users\\lanry\\AppData\\Local\\Programs\\Python\\Python313\\Lib\\site-packages\\google\\ai\\~enerativelanguage_v1beta\\services\\permission_service\\pagers.py', reloading
 * Detected change in 'C:\\Users\\lanry\\AppData\\Local\\Programs\\Python\\Python313\\Lib\\site-packages\\google\\ai\\~enerativelanguage_v1beta\\services\\permission_service\\__init__.py', reloading
 * Detected change in 'C:\\Users\\lanry\\AppData\\Local\\Programs\\Python\\Python313\\Lib\\site-packages\\google\\ai\\~enerativelanguage_v1beta\\services\\permission_service\\transports\\base.py', reloading
 * Detected change in 'C:\\Users\\lanry\\AppData\\Local\\Programs\\Python\\Python313\\Lib\\site-packages\\google\\ai\\~enerativelanguage_v1beta\\services\\permission_service\\transports\\grpc.py', reloading
 * Detected change in 'C:\\Users\\lanry\\AppData\\Local\\Programs\\Python\\Python313\\Lib\\site-packages\\google\\ai\\~enerativelanguage_v1beta\\services\\permission_service\\transports\\grpc_asyncio.py', reloading
 * Detected change in 'C:\\Users\\lanry\\AppData\\Local\\Programs\\Python\\Python313\\Lib\\site-packages\\google\\ai\\~enerativelanguage_v1beta\\services\\permission_service\\transports\\rest.py', reloading
 * Detected change in 'C:\\Users\\lanry\\AppData\\Local\\Programs\\Python\\Python313\\Lib\\site-packages\\google\\ai\\~enerativelanguage_v1beta\\services\\permission_service\\transports\\__init__.py', reloading
 * Detected change in 'C:\\Users\\lanry\\AppData\\Local\\Programs\\Python\\Python313\\Lib\\site-packages\\google\\ai\\~enerativelanguage_v1beta\\services\\retriever_service\\async_client.py', reloading
 * Detected change in 'C:\\Users\\lanry\\AppData\\Local\\Programs\\Python\\Python313\\Lib\\site-packages\\google\\ai\\~enerativelanguage_v1beta\\services\\retriever_service\\client.py', reloading
 * Detected change in 'C:\\Users\\lanry\\AppData\\Local\\Programs\\Python\\Python313\\Lib\\site-packages\\google\\ai\\~enerativelanguage_v1beta\\services\\retriever_service\\pagers.py', reloading
 * Detected change in 'C:\\Users\\lanry\\AppData\\Local\\Programs\\Python\\Python313\\Lib\\site-packages\\google\\ai\\~enerativelanguage_v1beta\\services\\retriever_service\\__init__.py', reloading
 * Detected change in 'C:\\Users\\lanry\\AppData\\Local\\Programs\\Python\\Python313\\Lib\\site-packages\\google\\ai\\~enerativelanguage_v1beta\\services\\retriever_service\\transports\\base.py', reloading
 * Detected change in 'C:\\Users\\lanry\\AppData\\Local\\Programs\\Python\\Python313\\Lib\\site-packages\\google\\ai\\~enerativelanguage_v1beta\\services\\retriever_service\\transports\\grpc.py', reloading
 * Detected change in 'C:\\Users\\lanry\\AppData\\Local\\Programs\\Python\\Python313\\Lib\\site-packages\\google\\ai\\~enerativelanguage_v1beta\\services\\retriever_service\\transports\\grpc_asyncio.py', reloading
 * Detected change in 'C:\\Users\\lanry\\AppData\\Local\\Programs\\Python\\Python313\\Lib\\site-packages\\google\\ai\\~enerativelanguage_v1beta\\services\\retriever_service\\transports\\rest.py', reloading
 * Detected change in 'C:\\Users\\lanry\\AppData\\Local\\Programs\\Python\\Python313\\Lib\\site-packages\\google\\ai\\~enerativelanguage_v1beta\\services\\retriever_service\\transports\\__init__.py', reloading
 * Detected change in 'C:\\Users\\lanry\\AppData\\Local\\Programs\\Python\\Python313\\Lib\\site-packages\\google\\ai\\~enerativelanguage_v1beta\\services\\text_service\\async_client.py', reloading
 * Detected change in 'C:\\Users\\lanry\\AppData\\Local\\Programs\\Python\\Python313\\Lib\\site-packages\\google\\ai\\~enerativelanguage_v1beta\\services\\text_service\\client.py', reloading
 * Detected change in 'C:\\Users\\lanry\\AppData\\Local\\Programs\\Python\\Python313\\Lib\\site-packages\\google\\ai\\~enerativelanguage_v1beta\\services\\text_service\\__init__.py', reloading
 * Detected change in 'C:\\Users\\lanry\\AppData\\Local\\Programs\\Python\\Python313\\Lib\\site-packages\\google\\ai\\~enerativelanguage_v1beta\\services\\text_service\\transports\\base.py', reloading
 * Detected change in 'C:\\Users\\lanry\\AppData\\Local\\Programs\\Python\\Python313\\Lib\\site-packages\\google\\ai\\~enerativelanguage_v1beta\\services\\text_service\\transports\\grpc.py', reloading
 * Detected change in 'C:\\Users\\lanry\\AppData\\Local\\Programs\\Python\\Python313\\Lib\\site-packages\\google\\ai\\~enerativelanguage_v1beta\\services\\text_service\\transports\\grpc_asyncio.py', reloading
 * Detected change in 'C:\\Users\\lanry\\AppData\\Local\\Programs\\Python\\Python313\\Lib\\site-packages\\google\\ai\\~enerativelanguage_v1beta\\services\\text_service\\transports\\rest.py', reloading
 * Detected change in 'C:\\Users\\lanry\\AppData\\Local\\Programs\\Python\\Python313\\Lib\\site-packages\\google\\ai\\~enerativelanguage_v1beta\\services\\text_service\\transports\\__init__.py', reloading
 * Detected change in 'C:\\Users\\lanry\\AppData\\Local\\Programs\\Python\\Python313\\Lib\\site-packages\\google\\ai\\~enerativelanguage_v1beta\\types\\cached_content.py', reloading
 * Detected change in 'C:\\Users\\lanry\\AppData\\Local\\Programs\\Python\\Python313\\Lib\\site-packages\\google\\ai\\~enerativelanguage_v1beta\\types\\cache_service.py', reloading
 * Detected change in 'C:\\Users\\lanry\\AppData\\Local\\Programs\\Python\\Python313\\Lib\\site-packages\\google\\ai\\~enerativelanguage_v1beta\\types\\citation.py', reloading
 * Detected change in 'C:\\Users\\lanry\\AppData\\Local\\Programs\\Python\\Python313\\Lib\\site-packages\\google\\ai\\~enerativelanguage_v1beta\\types\\content.py', reloading
 * Detected change in 'C:\\Users\\lanry\\AppData\\Local\\Programs\\Python\\Python313\\Lib\\site-packages\\google\\ai\\~enerativelanguage_v1beta\\types\\discuss_service.py', reloading
 * Detected change in 'C:\\Users\\lanry\\AppData\\Local\\Programs\\Python\\Python313\\Lib\\site-packages\\google\\ai\\~enerativelanguage_v1beta\\types\\file.py', reloading
 * Detected change in 'C:\\Users\\lanry\\AppData\\Local\\Programs\\Python\\Python313\\Lib\\site-packages\\google\\ai\\~enerativelanguage_v1beta\\types\\file_service.py', reloading
 * Detected change in 'C:\\Users\\lanry\\AppData\\Local\\Programs\\Python\\Python313\\Lib\\site-packages\\google\\ai\\~enerativelanguage_v1beta\\types\\generative_service.py', reloading
 * Detected change in 'C:\\Users\\lanry\\AppData\\Local\\Programs\\Python\\Python313\\Lib\\site-packages\\google\\ai\\~enerativelanguage_v1beta\\types\\model.py', reloading
 * Detected change in 'C:\\Users\\lanry\\AppData\\Local\\Programs\\Python\\Python313\\Lib\\site-packages\\google\\ai\\~enerativelanguage_v1beta\\types\\model_service.py', reloading
 * Detected change in 'C:\\Users\\lanry\\AppData\\Local\\Programs\\Python\\Python313\\Lib\\site-packages\\google\\ai\\~enerativelanguage_v1beta\\types\\permission.py', reloading
 * Detected change in 'C:\\Users\\lanry\\AppData\\Local\\Programs\\Python\\Python313\\Lib\\site-packages\\google\\ai\\~enerativelanguage_v1beta\\types\\permission_service.py', reloading
 * Detected change in 'C:\\Users\\lanry\\AppData\\Local\\Programs\\Python\\Python313\\Lib\\site-packages\\google\\ai\\~enerativelanguage_v1beta\\types\\retriever.py', reloading
 * Detected change in 'C:\\Users\\lanry\\AppData\\Local\\Programs\\Python\\Python313\\Lib\\site-packages\\google\\ai\\~enerativelanguage_v1beta\\types\\retriever_service.py', reloading
 * Detected change in 'C:\\Users\\lanry\\AppData\\Local\\Programs\\Python\\Python313\\Lib\\site-packages\\google\\ai\\~enerativelanguage_v1beta\\types\\safety.py', reloading
 * Detected change in 'C:\\Users\\lanry\\AppData\\Local\\Programs\\Python\\Python313\\Lib\\site-packages\\google\\ai\\~enerativelanguage_v1beta\\types\\text_service.py', reloading
 * Detected change in 'C:\\Users\\lanry\\AppData\\Local\\Programs\\Python\\Python313\\Lib\\site-packages\\google\\ai\\~enerativelanguage_v1beta\\types\\tuned_model.py', reloading
 * Detected change in 'C:\\Users\\lanry\\AppData\\Local\\Programs\\Python\\Python313\\Lib\\site-packages\\google\\ai\\~enerativelanguage_v1beta\\types\\__init__.py', reloading
 * Detected change in 'C:\\Users\\lanry\\AppData\\Local\\Programs\\Python\\Python313\\Lib\\site-packages\\google\\ai\\generativelanguage_v1beta\\gapic_version.py', reloading
 * Detected change in 'C:\\Users\\lanry\\AppData\\Local\\Programs\\Python\\Python313\\Lib\\site-packages\\google\\ai\\generativelanguage_v1beta\\__init__.py', reloading
 * Detected change in 'C:\\Users\\lanry\\AppData\\Local\\Programs\\Python\\Python313\\Lib\\site-packages\\google\\ai\\generativelanguage_v1beta\\services\\__init__.py', reloading
 * Detected change in 'C:\\Users\\lanry\\AppData\\Local\\Programs\\Python\\Python313\\Lib\\site-packages\\google\\ai\\generativelanguage_v1beta\\services\\cache_service\\async_client.py', reloading
 * Detected change in 'C:\\Users\\lanry\\AppData\\Local\\Programs\\Python\\Python313\\Lib\\site-packages\\google\\ai\\generativelanguage_v1beta\\services\\cache_service\\client.py', reloading
 * Detected change in 'C:\\Users\\lanry\\AppData\\Local\\Programs\\Python\\Python313\\Lib\\site-packages\\google\\ai\\generativelanguage_v1beta\\services\\cache_service\\pagers.py', reloading
 * Detected change in 'C:\\Users\\lanry\\AppData\\Local\\Programs\\Python\\Python313\\Lib\\site-packages\\google\\ai\\generativelanguage_v1beta\\services\\cache_service\\__init__.py', reloading
 * Detected change in 'C:\\Users\\lanry\\AppData\\Local\\Programs\\Python\\Python313\\Lib\\site-packages\\google\\ai\\generativelanguage_v1beta\\services\\cache_service\\transports\\base.py', reloading
 * Detected change in 'C:\\Users\\lanry\\AppData\\Local\\Programs\\Python\\Python313\\Lib\\site-packages\\google\\ai\\generativelanguage_v1beta\\services\\cache_service\\transports\\grpc.py', reloading
 * Detected change in 'C:\\Users\\lanry\\AppData\\Local\\Programs\\Python\\Python313\\Lib\\site-packages\\google\\ai\\generativelanguage_v1beta\\services\\cache_service\\transports\\grpc_asyncio.py', reloading
 * Detected change in 'C:\\Users\\lanry\\AppData\\Local\\Programs\\Python\\Python313\\Lib\\site-packages\\google\\ai\\generativelanguage_v1beta\\services\\cache_service\\transports\\rest.py', reloading
 * Detected change in 'C:\\Users\\lanry\\AppData\\Local\\Programs\\Python\\Python313\\Lib\\site-packages\\google\\ai\\generativelanguage_v1beta\\services\\cache_service\\transports\\__init__.py', reloading
 * Detected change in 'C:\\Users\\lanry\\AppData\\Local\\Programs\\Python\\Python313\\Lib\\site-packages\\google\\ai\\generativelanguage_v1beta\\services\\discuss_service\\async_client.py', reloading
 * Detected change in 'C:\\Users\\lanry\\AppData\\Local\\Programs\\Python\\Python313\\Lib\\site-packages\\google\\ai\\generativelanguage_v1beta\\services\\discuss_service\\client.py', reloading
 * Detected change in 'C:\\Users\\lanry\\AppData\\Local\\Programs\\Python\\Python313\\Lib\\site-packages\\google\\ai\\generativelanguage_v1beta\\services\\discuss_service\\__init__.py', reloading
 * Detected change in 'C:\\Users\\lanry\\AppData\\Local\\Programs\\Python\\Python313\\Lib\\site-packages\\google\\ai\\generativelanguage_v1beta\\services\\discuss_service\\transports\\base.py', reloading
 * Detected change in 'C:\\Users\\lanry\\AppData\\Local\\Programs\\Python\\Python313\\Lib\\site-packages\\google\\ai\\generativelanguage_v1beta\\services\\discuss_service\\transports\\grpc.py', reloading
 * Detected change in 'C:\\Users\\lanry\\AppData\\Local\\Programs\\Python\\Python313\\Lib\\site-packages\\google\\ai\\generativelanguage_v1beta\\services\\discuss_service\\transports\\grpc_asyncio.py', reloading
 * Detected change in 'C:\\Users\\lanry\\AppData\\Local\\Programs\\Python\\Python313\\Lib\\site-packages\\google\\ai\\generativelanguage_v1beta\\services\\discuss_service\\transports\\rest.py', reloading
 * Detected change in 'C:\\Users\\lanry\\AppData\\Local\\Programs\\Python\\Python313\\Lib\\site-packages\\google\\ai\\generativelanguage_v1beta\\services\\discuss_service\\transports\\__init__.py', reloading
 * Detected change in 'C:\\Users\\lanry\\AppData\\Local\\Programs\\Python\\Python313\\Lib\\site-packages\\google\\ai\\generativelanguage_v1beta\\services\\file_service\\async_client.py', reloading
 * Detected change in 'C:\\Users\\lanry\\AppData\\Local\\Programs\\Python\\Python313\\Lib\\site-packages\\google\\ai\\generativelanguage_v1beta\\services\\file_service\\client.py', reloading
 * Restarting with watchdog (windowsapi)
Traceback (most recent call last):
  File "C:\Users\lanry\Desktop\Brand spark\backend\app.py", line 22, in <module>
    from backend.blueprints.generate import generate_bp  # type: ignore
    ^^^^^^^^^^^^^^^^^^^^^^^^^^^^^^^^^^^^^^^^^^^^^^^^^^^
  File "C:\Users\lanry\Desktop\Brand spark\backend\blueprints\generate.py", line 4, in <module>
    import google.generativeai as genai
  File "C:\Users\lanry\AppData\Local\Programs\Python\Python313\Lib\site-packages\google\generativeai\__init__.py", line 46, in <module>
    from google.generativeai import types
  File "C:\Users\lanry\AppData\Local\Programs\Python\Python313\Lib\site-packages\google\generativeai\types\__init__.py", line 18, in <module>
    from google.generativeai.types.content_types import *
  File "C:\Users\lanry\AppData\Local\Programs\Python\Python313\Lib\site-packages\google\generativeai\types\content_types.py", line 28, in <module>
    from google.generativeai.types import file_types
  File "C:\Users\lanry\AppData\Local\Programs\Python\Python313\Lib\site-packages\google\generativeai\types\file_types.py", line 22, in <module>
    from google.generativeai.client import get_default_file_client
  File "C:\Users\lanry\AppData\Local\Programs\Python\Python313\Lib\site-packages\google\generativeai\client.py", line 48, in <module>
    class FileServiceClient(glm.FileServiceClient):
                            ^^^^^^^^^^^^^^^^^^^^^
AttributeError: module 'google.ai.generativelanguage' has no attribute 'FileServiceClient'. Did you mean: 'ModelServiceClient'?

During handling of the above exception, another exception occurred:

Traceback (most recent call last):
  File "<frozen runpy>", line 198, in _run_module_as_main
  File "<frozen runpy>", line 88, in _run_code
  File "C:\Users\lanry\Desktop\Brand spark\backend\app.py", line 24, in <module>
    from .blueprints.generate import generate_bp  # type: ignore
    ^^^^^^^^^^^^^^^^^^^^^^^^^^^^^^^^^^^^^^^^^^^^
  File "C:\Users\lanry\Desktop\Brand spark\backend\blueprints\generate.py", line 4, in <module>
    import google.generativeai as genai
  File "C:\Users\lanry\AppData\Local\Programs\Python\Python313\Lib\site-packages\google\generativeai\__init__.py", line 46, in <module>
    from google.generativeai import types
  File "C:\Users\lanry\AppData\Local\Programs\Python\Python313\Lib\site-packages\google\generativeai\types\__init__.py", line 18, in <module>
    from google.generativeai.types.content_types import *
  File "C:\Users\lanry\AppData\Local\Programs\Python\Python313\Lib\site-packages\google\generativeai\types\content_types.py", line 28, in <module>
    from google.generativeai.types import file_types
  File "C:\Users\lanry\AppData\Local\Programs\Python\Python313\Lib\site-packages\google\generativeai\types\file_types.py", line 22, in <module>
    from google.generativeai.client import get_default_file_client
  File "C:\Users\lanry\AppData\Local\Programs\Python\Python313\Lib\site-packages\google\generativeai\client.py", line 48, in <module>
    class FileServiceClient(glm.FileServiceClient):
                            ^^^^^^^^^^^^^^^^^^^^^
AttributeError: module 'google.ai.generativelanguage' has no attribute 'FileServiceClient'. Did you mean: 'ModelServiceClient'?
